Using pre-set license
Built from '2021.2/staging' branch; Version is '2021.2.16f1 (559fc0ec6670) revision 5611456'; Using compiler version '192829333'; Build Type 'Release'
OS: 'Windows 10  (10.0.19041) 64bit Professional' Language: 'ko' Physical Memory: 32720 MB
BatchMode: 1, IsHumanControllingUs: 0, StartBugReporterOnCrash: 0, Is64bit: 1, IsPro: 1

COMMAND LINE ARGUMENTS:
C:\Program Files\Unity\Hub\Editor\2021.2.16f1\Editor\Unity.exe
-adb2
-batchMode
-noUpm
-name
AssetImportWorker2
-projectPath
D:/06_RnD_Unity/UnityUIToolKit/UIToolKit
-logFile
Logs/AssetImportWorker2.log
-srvPort
61097
Successfully changed project path to: D:/06_RnD_Unity/UnityUIToolKit/UIToolKit
D:/06_RnD_Unity/UnityUIToolKit/UIToolKit
[UnityMemory] Configuration Parameters - Can be set up in boot.config
    "memorysetup-bucket-allocator-granularity=16"
    "memorysetup-bucket-allocator-bucket-count=8"
    "memorysetup-bucket-allocator-block-size=33554432"
    "memorysetup-bucket-allocator-block-count=8"
    "memorysetup-main-allocator-block-size=16777216"
    "memorysetup-thread-allocator-block-size=16777216"
    "memorysetup-gfx-main-allocator-block-size=16777216"
    "memorysetup-gfx-thread-allocator-block-size=16777216"
    "memorysetup-cache-allocator-block-size=4194304"
    "memorysetup-typetree-allocator-block-size=2097152"
    "memorysetup-profiler-bucket-allocator-granularity=16"
    "memorysetup-profiler-bucket-allocator-bucket-count=8"
    "memorysetup-profiler-bucket-allocator-block-size=33554432"
    "memorysetup-profiler-bucket-allocator-block-count=8"
    "memorysetup-profiler-allocator-block-size=16777216"
    "memorysetup-profiler-editor-allocator-block-size=1048576"
    "memorysetup-temp-allocator-size-main=16777216"
    "memorysetup-job-temp-allocator-block-size=2097152"
    "memorysetup-job-temp-allocator-block-size-background=1048576"
    "memorysetup-job-temp-allocator-reduction-small-platforms=262144"
    "memorysetup-temp-allocator-size-background-worker=32768"
    "memorysetup-temp-allocator-size-job-worker=262144"
    "memorysetup-temp-allocator-size-preload-manager=33554432"
    "memorysetup-temp-allocator-size-nav-mesh-worker=65536"
    "memorysetup-temp-allocator-size-audio-worker=65536"
    "memorysetup-temp-allocator-size-cloud-worker=32768"
    "memorysetup-temp-allocator-size-gi-baking-worker=262144"
    "memorysetup-temp-allocator-size-gfx=262144"
Refreshing native plugins compatible for Editor in 85.72 ms, found 3 plugins.
Preloading 0 native plugins for Editor in 0.00 ms.
Initialize engine version: 2021.2.16f1 (559fc0ec6670)
[Subsystems] Discovering subsystems at path C:/Program Files/Unity/Hub/Editor/2021.2.16f1/Editor/Data/Resources/UnitySubsystems
[Subsystems] Discovering subsystems at path D:/06_RnD_Unity/UnityUIToolKit/UIToolKit/Assets
GfxDevice: creating device client; threaded=0; jobified=0
Direct3D:
    Version:  Direct3D 11.0 [level 11.1]
    Renderer: NVIDIA GeForce RTX 2070 SUPER (ID=0x1e84)
    Vendor:   NVIDIA
    VRAM:     8011 MB
    Driver:   27.21.14.5671
Initialize mono
Mono path[0] = 'C:/Program Files/Unity/Hub/Editor/2021.2.16f1/Editor/Data/Managed'
Mono path[1] = 'C:/Program Files/Unity/Hub/Editor/2021.2.16f1/Editor/Data/MonoBleedingEdge/lib/mono/unityjit-win32'
Mono config path = 'C:/Program Files/Unity/Hub/Editor/2021.2.16f1/Editor/Data/MonoBleedingEdge/etc'
Using monoOptions --debugger-agent=transport=dt_socket,embedding=1,server=y,suspend=n,address=127.0.0.1:56812
Begin MonoManager ReloadAssembly
Registering precompiled unity dll's ...
Register platform support module: C:/Program Files/Unity/Hub/Editor/2021.2.16f1/Editor/Data/PlaybackEngines/AndroidPlayer/UnityEditor.Android.Extensions.dll
Register platform support module: C:/Program Files/Unity/Hub/Editor/2021.2.16f1/Editor/Data/PlaybackEngines/WindowsStandaloneSupport/UnityEditor.WindowsStandalone.Extensions.dll
Registered in 0.011047 seconds.
Native extension for WindowsStandalone target not found
Native extension for Android target not found
Refreshing native plugins compatible for Editor in 88.75 ms, found 3 plugins.
Preloading 0 native plugins for Editor in 0.00 ms.
Mono: successfully reloaded assembly
- Completed reload, in  0.625 seconds
Domain Reload Profiling:
	ReloadAssembly (625ms)
		BeginReloadAssembly (81ms)
			ExecutionOrderSort (0ms)
			DisableScriptedObjects (0ms)
			BackupInstance (0ms)
			ReleaseScriptingObjects (0ms)
			CreateAndSetChildDomain (1ms)
		EndReloadAssembly (428ms)
			LoadAssemblies (76ms)
			RebuildTransferFunctionScriptingTraits (0ms)
			SetupTypeCache (97ms)
			ReleaseScriptCaches (0ms)
			RebuildScriptCaches (23ms)
			SetupLoadedEditorAssemblies (262ms)
				LogAssemblyErrors (0ms)
				InitializePlatformSupportModulesInManaged (52ms)
				SetLoadedEditorAssemblies (0ms)
				RefreshPlugins (89ms)
				BeforeProcessingInitializeOnLoad (1ms)
				ProcessInitializeOnLoadAttributes (79ms)
				ProcessInitializeOnLoadMethodAttributes (40ms)
				AfterProcessingInitializeOnLoad (0ms)
				EditorAssembliesLoaded (0ms)
			ExecutionOrderSort2 (0ms)
			AwakeInstancesAfterBackupRestoration (0ms)
Platform modules already initialized, skipping
Registering precompiled user dll's ...
Registered in 0.005674 seconds.
Begin MonoManager ReloadAssembly
Symbol file LoadedFromMemory doesn't match image D:\06_RnD_Unity\UnityUIToolKit\UIToolKit\Library\PackageCache\com.unity.visualscripting@1.7.6\Editor\VisualScripting.Core\Dependencies\YamlDotNet\Unity.VisualScripting.YamlDotNet.dll
Symbol file LoadedFromMemory doesn't match image D:\06_RnD_Unity\UnityUIToolKit\UIToolKit\Library\PackageCache\com.unity.visualscripting@1.7.6\Editor\VisualScripting.Core\Dependencies\DotNetZip\Unity.VisualScripting.IonicZip.dll
Native extension for WindowsStandalone target not found
Native extension for Android target not found
Refreshing native plugins compatible for Editor in 82.91 ms, found 3 plugins.
Preloading 0 native plugins for Editor in 0.00 ms.
Mono: successfully reloaded assembly
- Completed reload, in  1.488 seconds
Domain Reload Profiling:
	ReloadAssembly (1489ms)
		BeginReloadAssembly (219ms)
			ExecutionOrderSort (0ms)
			DisableScriptedObjects (5ms)
			BackupInstance (0ms)
			ReleaseScriptingObjects (0ms)
			CreateAndSetChildDomain (122ms)
		EndReloadAssembly (1155ms)
			LoadAssemblies (88ms)
			RebuildTransferFunctionScriptingTraits (0ms)
			SetupTypeCache (238ms)
			ReleaseScriptCaches (1ms)
			RebuildScriptCaches (50ms)
			SetupLoadedEditorAssemblies (747ms)
				LogAssemblyErrors (0ms)
				InitializePlatformSupportModulesInManaged (13ms)
				SetLoadedEditorAssemblies (0ms)
				RefreshPlugins (83ms)
				BeforeProcessingInitializeOnLoad (88ms)
				ProcessInitializeOnLoadAttributes (476ms)
				ProcessInitializeOnLoadMethodAttributes (74ms)
				AfterProcessingInitializeOnLoad (12ms)
				EditorAssembliesLoaded (0ms)
			ExecutionOrderSort2 (0ms)
			AwakeInstancesAfterBackupRestoration (12ms)
Platform modules already initialized, skipping
========================================================================
Worker process is ready to serve import requests
Launched and connected shader compiler UnityShaderCompiler.exe after 0.11 seconds
Refreshing native plugins compatible for Editor in 1.42 ms, found 3 plugins.
Preloading 0 native plugins for Editor in 0.00 ms.
Unloading 4894 Unused Serialized files (Serialized files now loaded: 0)
Unloading 30 unused Assets / (0.7 MB). Loaded Objects now: 5350.
Memory consumption went from 194.1 MB to 193.4 MB.
Total: 5.925000 ms (FindLiveObjects: 0.620700 ms CreateObjectMapping: 0.161300 ms MarkObjects: 4.671300 ms  DeleteObjects: 0.470000 ms)

AssetImportParameters requested are different than current active one (requested -> active):
  custom:video-decoder-ogg-theora: a1e56fd34408186e4bbccfd4996cb3dc -> 
  custom:container-muxer-webm: aa71ff27fc2769a1b78a27578f13a17b -> 
  custom:container-demuxer-webm: 4f35f7cbe854078d1ac9338744f61a02 -> 
  custom:video-encoder-webm-vp8: eb34c28f22e8b96e1ab97ce403110664 -> 
  custom:audio-encoder-webm-vorbis: bf7c407c2cedff20999df2af8eb42d56 -> 
  custom:framework-win-MediaFoundation: 216162199b28c13a410421893ffa2e32 -> 
  custom:container-demuxer-ogg: 62fdf1f143b41e24485cea50d1cbac27 -> 
  custom:video-decoder-webm-vp8: 9c59270c3fd7afecdb556c50c9e8de78 -> 
  custom:audio-decoder-ogg-vorbis: bf7c407c2cedff20999df2af8eb42d56 -> 
========================================================================
Received Import Request.
  Time since last request: 4617.387947 seconds.
  path: Assets/GameEvent/Demo/Scenes/Demo.unity
  artifactKey: Guid(745ebfc37a4585946b40d075999ffe5d) Importer(815301076,1909f56bfc062723c751e8b465ee728b)
Start importing Assets/GameEvent/Demo/Scenes/Demo.unity using Guid(745ebfc37a4585946b40d075999ffe5d) Importer(815301076,1909f56bfc062723c751e8b465ee728b)  -> (artifact id: '1423783ef7165438d96a106abd849f69') in 0.011594 seconds 
========================================================================
Received Prepare
Registering precompiled user dll's ...
Registered in 0.006637 seconds.
Begin MonoManager ReloadAssembly
Symbol file LoadedFromMemory doesn't match image D:\06_RnD_Unity\UnityUIToolKit\UIToolKit\Library\PackageCache\com.unity.visualscripting@1.7.6\Editor\VisualScripting.Core\Dependencies\YamlDotNet\Unity.VisualScripting.YamlDotNet.dll
Symbol file LoadedFromMemory doesn't match image D:\06_RnD_Unity\UnityUIToolKit\UIToolKit\Library\PackageCache\com.unity.visualscripting@1.7.6\Editor\VisualScripting.Core\Dependencies\DotNetZip\Unity.VisualScripting.IonicZip.dll
Native extension for WindowsStandalone target not found
Native extension for Android target not found
Refreshing native plugins compatible for Editor in 1.14 ms, found 3 plugins.
Preloading 0 native plugins for Editor in 0.00 ms.
Mono: successfully reloaded assembly
- Completed reload, in  1.219 seconds
Domain Reload Profiling:
	ReloadAssembly (1220ms)
		BeginReloadAssembly (143ms)
			ExecutionOrderSort (0ms)
			DisableScriptedObjects (4ms)
			BackupInstance (0ms)
			ReleaseScriptingObjects (0ms)
			CreateAndSetChildDomain (37ms)
		EndReloadAssembly (981ms)
			LoadAssemblies (105ms)
			RebuildTransferFunctionScriptingTraits (0ms)
			SetupTypeCache (245ms)
			ReleaseScriptCaches (2ms)
			RebuildScriptCaches (44ms)
			SetupLoadedEditorAssemblies (536ms)
				LogAssemblyErrors (0ms)
				InitializePlatformSupportModulesInManaged (23ms)
				SetLoadedEditorAssemblies (0ms)
				RefreshPlugins (1ms)
				BeforeProcessingInitializeOnLoad (84ms)
				ProcessInitializeOnLoadAttributes (335ms)
				ProcessInitializeOnLoadMethodAttributes (73ms)
				AfterProcessingInitializeOnLoad (19ms)
				EditorAssembliesLoaded (0ms)
			ExecutionOrderSort2 (0ms)
			AwakeInstancesAfterBackupRestoration (21ms)
Platform modules already initialized, skipping
Refreshing native plugins compatible for Editor in 2.62 ms, found 3 plugins.
Preloading 0 native plugins for Editor in 0.00 ms.
Unloading 4758 Unused Serialized files (Serialized files now loaded: 0)
Unloading 23 unused Assets / (0.7 MB). Loaded Objects now: 5353.
Memory consumption went from 184.4 MB to 183.8 MB.
Total: 4.066500 ms (FindLiveObjects: 0.489400 ms CreateObjectMapping: 0.140200 ms MarkObjects: 3.111700 ms  DeleteObjects: 0.324200 ms)

AssetImportParameters requested are different than current active one (requested -> active):
  custom:video-decoder-ogg-theora: a1e56fd34408186e4bbccfd4996cb3dc -> 
  custom:container-muxer-webm: aa71ff27fc2769a1b78a27578f13a17b -> 
  custom:container-demuxer-webm: 4f35f7cbe854078d1ac9338744f61a02 -> 
  custom:video-encoder-webm-vp8: eb34c28f22e8b96e1ab97ce403110664 -> 
  custom:audio-encoder-webm-vorbis: bf7c407c2cedff20999df2af8eb42d56 -> 
  custom:framework-win-MediaFoundation: 216162199b28c13a410421893ffa2e32 -> 
  custom:container-demuxer-ogg: 62fdf1f143b41e24485cea50d1cbac27 -> 
  custom:video-decoder-webm-vp8: 9c59270c3fd7afecdb556c50c9e8de78 -> 
  custom:audio-decoder-ogg-vorbis: bf7c407c2cedff20999df2af8eb42d56 -> 
========================================================================
Received Import Request.
  Time since last request: 41.680827 seconds.
  path: Assets/GameEvent/Demo/Materials/Floor.mat
  artifactKey: Guid(ce066c210ae6a1b41b0d51f91e7fa2d3) Importer(815301076,1909f56bfc062723c751e8b465ee728b)
Start importing Assets/GameEvent/Demo/Materials/Floor.mat using Guid(ce066c210ae6a1b41b0d51f91e7fa2d3) Importer(815301076,1909f56bfc062723c751e8b465ee728b)  -> (artifact id: 'd9369cc26eddf302291e899c95dc63a7') in 0.300701 seconds 
========================================================================
Received Import Request.
  Time since last request: 32.537165 seconds.
  path: Assets/GameEvent/Demo/Sherbbs Particle Collection/Materials
  artifactKey: Guid(53c748b925a4f504eb9be1bcabab377d) Importer(815301076,1909f56bfc062723c751e8b465ee728b)
Start importing Assets/GameEvent/Demo/Sherbbs Particle Collection/Materials using Guid(53c748b925a4f504eb9be1bcabab377d) Importer(815301076,1909f56bfc062723c751e8b465ee728b)  -> (artifact id: '6cb08b6692dbae621d369e257b8a2481') in 0.005670 seconds 
========================================================================
Received Import Request.
  Time since last request: 0.055494 seconds.
  path: Assets/GameEvent/Demo/Sherbbs Particle Collection/Materials/VertexUnlitGlowCircle.mat
  artifactKey: Guid(63c277894672e024897840a609c424ca) Importer(815301076,1909f56bfc062723c751e8b465ee728b)
Start importing Assets/GameEvent/Demo/Sherbbs Particle Collection/Materials/VertexUnlitGlowCircle.mat using Guid(63c277894672e024897840a609c424ca) Importer(815301076,1909f56bfc062723c751e8b465ee728b)  -> (artifact id: '73a6383aa57cfc3b08c0ad1fd644af0c') in 0.048649 seconds 
========================================================================
Received Import Request.
  Time since last request: 0.000022 seconds.
  path: Assets/GameEvent/Demo/Sherbbs Particle Collection/Materials/VertexUnlitGlowRoundedSquare.mat
  artifactKey: Guid(a1bc200c72ac7ee4cb0e1e043e5411a4) Importer(815301076,1909f56bfc062723c751e8b465ee728b)
Start importing Assets/GameEvent/Demo/Sherbbs Particle Collection/Materials/VertexUnlitGlowRoundedSquare.mat using Guid(a1bc200c72ac7ee4cb0e1e043e5411a4) Importer(815301076,1909f56bfc062723c751e8b465ee728b)  -> (artifact id: '6776411e4a8bc589e4939c84a5b0b312') in 0.012297 seconds 
========================================================================
Received Import Request.
  Time since last request: 126.522575 seconds.
  path: Assets/GameEvent/Demo/Sherbbs Particle Collection/Textures/RoundedSquareMask.png
  artifactKey: Guid(d329bbef3d9118f44b5b4c5c96d40d96) Importer(815301076,1909f56bfc062723c751e8b465ee728b)
Start importing Assets/GameEvent/Demo/Sherbbs Particle Collection/Textures/RoundedSquareMask.png using Guid(d329bbef3d9118f44b5b4c5c96d40d96) Importer(815301076,1909f56bfc062723c751e8b465ee728b)  -> (artifact id: '1858e1f3b7e368cf938e3957d0fbbf00') in 0.083899 seconds 
========================================================================
Received Import Request.
  Time since last request: 1.788550 seconds.
  path: Assets/GameEvent/ScriptableObjects/GameEventDescriptionOption.asset
  artifactKey: Guid(a1654ef83a403274e9f5bced2d25bcc7) Importer(815301076,1909f56bfc062723c751e8b465ee728b)
Start importing Assets/GameEvent/ScriptableObjects/GameEventDescriptionOption.asset using Guid(a1654ef83a403274e9f5bced2d25bcc7) Importer(815301076,1909f56bfc062723c751e8b465ee728b)  -> (artifact id: '86e4261fb00fa96b2156df3c6c4c7038') in 0.011610 seconds 
========================================================================
Received Import Request.
  Time since last request: 4.347078 seconds.
  path: Assets/GameEvent/Scripts/Editor/GameEventEditor.cs
  artifactKey: Guid(0cb0f24a1fc79d3478e11942e3f0b7e3) Importer(815301076,1909f56bfc062723c751e8b465ee728b)
Start importing Assets/GameEvent/Scripts/Editor/GameEventEditor.cs using Guid(0cb0f24a1fc79d3478e11942e3f0b7e3) Importer(815301076,1909f56bfc062723c751e8b465ee728b)  -> (artifact id: '71e3c27b844cfffc5dce225dbd7500a8') in 0.013400 seconds 
========================================================================
Received Import Request.
  Time since last request: 9.684879 seconds.
  path: Assets/UI Toolkit/PanelSettings.asset
  artifactKey: Guid(e6d6c913e9d0dbb4ca4d1afbd92bdd4d) Importer(815301076,1909f56bfc062723c751e8b465ee728b)
Start importing Assets/UI Toolkit/PanelSettings.asset using Guid(e6d6c913e9d0dbb4ca4d1afbd92bdd4d) Importer(815301076,1909f56bfc062723c751e8b465ee728b)  -> (artifact id: '7c2b100815f67e831c2894e4b810f77d') in 0.019736 seconds 
========================================================================
Received Import Request.
  Time since last request: 7.450836 seconds.
  path: Assets/GameEvent/ScriptableObjects
  artifactKey: Guid(da7de9513bd5f98458baab4d89b44deb) Importer(815301076,1909f56bfc062723c751e8b465ee728b)
Start importing Assets/GameEvent/ScriptableObjects using Guid(da7de9513bd5f98458baab4d89b44deb) Importer(815301076,1909f56bfc062723c751e8b465ee728b)  -> (artifact id: 'fb6b69283bfcd681771bdafaa7ee739c') in 0.004874 seconds 
========================================================================
Received Import Request.
  Time since last request: 2.467255 seconds.
  path: Assets/GameEvent/ScriptableObjects/UI
  artifactKey: Guid(95e7ef171f9228e43a1a953f20df36a3) Importer(815301076,1909f56bfc062723c751e8b465ee728b)
Start importing Assets/GameEvent/ScriptableObjects/UI using Guid(95e7ef171f9228e43a1a953f20df36a3) Importer(815301076,1909f56bfc062723c751e8b465ee728b)  -> (artifact id: '76a60bedabedf90d5b28112a86fc5e6c') in 0.004568 seconds 
========================================================================
Received Import Request.
  Time since last request: 0.071468 seconds.
  path: Assets/GameEvent/ScriptableObjects/UI/UI_FirePanelExit.asset
  artifactKey: Guid(1f46c5d2ea8973e47b1d708faafaf942) Importer(815301076,1909f56bfc062723c751e8b465ee728b)
Start importing Assets/GameEvent/ScriptableObjects/UI/UI_FirePanelExit.asset using Guid(1f46c5d2ea8973e47b1d708faafaf942) Importer(815301076,1909f56bfc062723c751e8b465ee728b)  -> (artifact id: '3f96011f556c2251e8236f3555f5c440') in 0.018700 seconds 
========================================================================
Received Import Request.
  Time since last request: 8.836087 seconds.
  path: Assets/GameEvent/ScriptableObjects/PlayerAction/Fire!.asset
  artifactKey: Guid(c269943e46ba6904c9adbc00cc8725c5) Importer(815301076,1909f56bfc062723c751e8b465ee728b)
Start importing Assets/GameEvent/ScriptableObjects/PlayerAction/Fire!.asset using Guid(c269943e46ba6904c9adbc00cc8725c5) Importer(815301076,1909f56bfc062723c751e8b465ee728b)  -> (artifact id: 'b86693fff9071cce90cbd3d656fb7bd8') in 0.005129 seconds 
========================================================================
Received Import Request.
  Time since last request: 0.829116 seconds.
  path: Assets/GameEvent/Icon/BKK.png
  artifactKey: Guid(52b1120c8d0dc1a499118424fe1bcacf) Importer(815301076,1909f56bfc062723c751e8b465ee728b)
Start importing Assets/GameEvent/Icon/BKK.png using Guid(52b1120c8d0dc1a499118424fe1bcacf) Importer(815301076,1909f56bfc062723c751e8b465ee728b)  -> (artifact id: 'd14704dcd5312cf355273ddd4e6dfc91') in 0.010511 seconds 
========================================================================
Received Import Request.
  Time since last request: 65.962703 seconds.
  path: Assets/GameEvent/ScriptableObjects/PlayerAction
  artifactKey: Guid(1e8882e013d901546a40646744ef807c) Importer(815301076,1909f56bfc062723c751e8b465ee728b)
Start importing Assets/GameEvent/ScriptableObjects/PlayerAction using Guid(1e8882e013d901546a40646744ef807c) Importer(815301076,1909f56bfc062723c751e8b465ee728b)  -> (artifact id: '668d753fd437c9b99730bdcf33e334ce') in 0.004760 seconds 
========================================================================
Received Import Request.
  Time since last request: 556.814548 seconds.
  path: Assets/GameEvent/ScriptableObjects/UI/UI_FirePanelOpen.asset
  artifactKey: Guid(c9304f8dd5d0bf64a9e8e9559db1f46b) Importer(815301076,1909f56bfc062723c751e8b465ee728b)
Start importing Assets/GameEvent/ScriptableObjects/UI/UI_FirePanelOpen.asset using Guid(c9304f8dd5d0bf64a9e8e9559db1f46b) Importer(815301076,1909f56bfc062723c751e8b465ee728b)  -> (artifact id: 'b721f5e194f8e0841db09e1b27df813d') in 0.006112 seconds 
========================================================================
Received Import Request.
  Time since last request: 113.155414 seconds.
  path: Assets/Editor/GameEventMenu.uxml
  artifactKey: Guid(63362ca8c4d75eb4cb23d4983ea35c51) Importer(815301076,1909f56bfc062723c751e8b465ee728b)
Start importing Assets/Editor/GameEventMenu.uxml using Guid(63362ca8c4d75eb4cb23d4983ea35c51) Importer(815301076,1909f56bfc062723c751e8b465ee728b)  -> (artifact id: 'e8629f1f0c4b450d04bca3870cc1c7d7') in 0.010110 seconds 
========================================================================
Received Import Request.
  Time since last request: 85.339723 seconds.
  path: Assets/Editor/GameEventMenu.uss
  artifactKey: Guid(8a2c480b604f81b4193d81f939c616d9) Importer(815301076,1909f56bfc062723c751e8b465ee728b)
Start importing Assets/Editor/GameEventMenu.uss using Guid(8a2c480b604f81b4193d81f939c616d9) Importer(815301076,1909f56bfc062723c751e8b465ee728b)  -> (artifact id: '0887c58d09d2b05e61ff92f9491bc52c') in 0.005245 seconds 
========================================================================
Received Import Request.
  Time since last request: 2973.111282 seconds.
  path: Assets/TextMesh Pro/Fonts/LiberationSans.ttf
  artifactKey: Guid(e3265ab4bf004d28a9537516768c1c75) Importer(815301076,1909f56bfc062723c751e8b465ee728b)
Start importing Assets/TextMesh Pro/Fonts/LiberationSans.ttf using Guid(e3265ab4bf004d28a9537516768c1c75) Importer(815301076,1909f56bfc062723c751e8b465ee728b)  -> (artifact id: '4e15e010c41b6a8b3a26f427f0d46286') in 0.237782 seconds 
========================================================================
Received Import Request.
  Time since last request: 40.302012 seconds.
  path: Assets/Editor/GameEventMenu.uxml
  artifactKey: Guid(63362ca8c4d75eb4cb23d4983ea35c51) Importer(815301076,1909f56bfc062723c751e8b465ee728b)
Start importing Assets/Editor/GameEventMenu.uxml using Guid(63362ca8c4d75eb4cb23d4983ea35c51) Importer(815301076,1909f56bfc062723c751e8b465ee728b)  -> (artifact id: '38dcd81374694886f3427a1a26b00c82') in 0.002836 seconds 
========================================================================
Received Import Request.
  Time since last request: 504.667107 seconds.
  path: Assets/Editor/GameEventMenu.uxml
  artifactKey: Guid(63362ca8c4d75eb4cb23d4983ea35c51) Importer(815301076,1909f56bfc062723c751e8b465ee728b)
Start importing Assets/Editor/GameEventMenu.uxml using Guid(63362ca8c4d75eb4cb23d4983ea35c51) Importer(815301076,1909f56bfc062723c751e8b465ee728b)  -> (artifact id: 'b65f789805dce52d61a6725f5bcaa7e6') in 0.003068 seconds 
========================================================================
Received Prepare
Registering precompiled user dll's ...
Registered in 0.004741 seconds.
Begin MonoManager ReloadAssembly
Symbol file LoadedFromMemory doesn't match image D:\06_RnD_Unity\UnityUIToolKit\UIToolKit\Library\PackageCache\com.unity.visualscripting@1.7.6\Editor\VisualScripting.Core\Dependencies\YamlDotNet\Unity.VisualScripting.YamlDotNet.dll
Symbol file LoadedFromMemory doesn't match image D:\06_RnD_Unity\UnityUIToolKit\UIToolKit\Library\PackageCache\com.unity.visualscripting@1.7.6\Editor\VisualScripting.Core\Dependencies\DotNetZip\Unity.VisualScripting.IonicZip.dll
Native extension for WindowsStandalone target not found
Native extension for Android target not found
Refreshing native plugins compatible for Editor in 0.87 ms, found 3 plugins.
Preloading 0 native plugins for Editor in 0.00 ms.
Mono: successfully reloaded assembly
- Completed reload, in  1.082 seconds
Domain Reload Profiling:
	ReloadAssembly (1082ms)
		BeginReloadAssembly (135ms)
			ExecutionOrderSort (0ms)
			DisableScriptedObjects (6ms)
			BackupInstance (0ms)
			ReleaseScriptingObjects (0ms)
			CreateAndSetChildDomain (39ms)
		EndReloadAssembly (849ms)
			LoadAssemblies (85ms)
			RebuildTransferFunctionScriptingTraits (0ms)
			SetupTypeCache (226ms)
			ReleaseScriptCaches (2ms)
			RebuildScriptCaches (40ms)
			SetupLoadedEditorAssemblies (438ms)
				LogAssemblyErrors (0ms)
				InitializePlatformSupportModulesInManaged (20ms)
				SetLoadedEditorAssemblies (0ms)
				RefreshPlugins (1ms)
				BeforeProcessingInitializeOnLoad (72ms)
				ProcessInitializeOnLoadAttributes (269ms)
				ProcessInitializeOnLoadMethodAttributes (61ms)
				AfterProcessingInitializeOnLoad (14ms)
				EditorAssembliesLoaded (0ms)
			ExecutionOrderSort2 (0ms)
			AwakeInstancesAfterBackupRestoration (23ms)
Platform modules already initialized, skipping
Refreshing native plugins compatible for Editor in 1.75 ms, found 3 plugins.
Preloading 0 native plugins for Editor in 0.00 ms.
Unloading 4765 Unused Serialized files (Serialized files now loaded: 0)
Unloading 25 unused Assets / (0.7 MB). Loaded Objects now: 5455.
Memory consumption went from 192.7 MB to 191.9 MB.
Total: 3.702400 ms (FindLiveObjects: 0.428700 ms CreateObjectMapping: 0.123300 ms MarkObjects: 2.832700 ms  DeleteObjects: 0.316800 ms)

AssetImportParameters requested are different than current active one (requested -> active):
  custom:video-decoder-ogg-theora: a1e56fd34408186e4bbccfd4996cb3dc -> 
  custom:container-muxer-webm: aa71ff27fc2769a1b78a27578f13a17b -> 
  custom:container-demuxer-webm: 4f35f7cbe854078d1ac9338744f61a02 -> 
  custom:video-encoder-webm-vp8: eb34c28f22e8b96e1ab97ce403110664 -> 
  custom:audio-encoder-webm-vorbis: bf7c407c2cedff20999df2af8eb42d56 -> 
  custom:framework-win-MediaFoundation: 216162199b28c13a410421893ffa2e32 -> 
  custom:container-demuxer-ogg: 62fdf1f143b41e24485cea50d1cbac27 -> 
  custom:video-decoder-webm-vp8: 9c59270c3fd7afecdb556c50c9e8de78 -> 
  custom:audio-decoder-ogg-vorbis: bf7c407c2cedff20999df2af8eb42d56 -> 
========================================================================
Received Import Request.
  Time since last request: 56.136432 seconds.
  path: Assets/Editor/GameEventMenu.uxml
  artifactKey: Guid(63362ca8c4d75eb4cb23d4983ea35c51) Importer(815301076,1909f56bfc062723c751e8b465ee728b)
Start importing Assets/Editor/GameEventMenu.uxml using Guid(63362ca8c4d75eb4cb23d4983ea35c51) Importer(815301076,1909f56bfc062723c751e8b465ee728b)  -> (artifact id: '3cf8502bbada8c955c9fa31c97fd2168') in 0.022027 seconds 
========================================================================
Received Import Request.
  Time since last request: 36.392275 seconds.
  path: Assets/Editor/GameEventMenu.uxml
  artifactKey: Guid(63362ca8c4d75eb4cb23d4983ea35c51) Importer(815301076,1909f56bfc062723c751e8b465ee728b)
Start importing Assets/Editor/GameEventMenu.uxml using Guid(63362ca8c4d75eb4cb23d4983ea35c51) Importer(815301076,1909f56bfc062723c751e8b465ee728b)  -> (artifact id: '5642ea0e744cfb1145b3642f96fe0af2') in 0.002936 seconds 
========================================================================
Received Import Request.
  Time since last request: 91.090390 seconds.
  path: Assets/Editor/GameEventMenu.uxml
  artifactKey: Guid(63362ca8c4d75eb4cb23d4983ea35c51) Importer(815301076,1909f56bfc062723c751e8b465ee728b)
Start importing Assets/Editor/GameEventMenu.uxml using Guid(63362ca8c4d75eb4cb23d4983ea35c51) Importer(815301076,1909f56bfc062723c751e8b465ee728b)  -> (artifact id: '6195a8f9f7a9b4e3fdfe5edde85469c1') in 0.003008 seconds 
========================================================================
Received Import Request.
  Time since last request: 0.000019 seconds.
  path: Assets/Editor/GameEventMenu.uss
  artifactKey: Guid(8a2c480b604f81b4193d81f939c616d9) Importer(815301076,1909f56bfc062723c751e8b465ee728b)
Start importing Assets/Editor/GameEventMenu.uss using Guid(8a2c480b604f81b4193d81f939c616d9) Importer(815301076,1909f56bfc062723c751e8b465ee728b)  -> (artifact id: '12ab464c4ec95d40ae2f48e608c3ff37') in 0.002667 seconds 
========================================================================
Received Prepare
Registering precompiled user dll's ...
Registered in 0.005668 seconds.
Begin MonoManager ReloadAssembly
Symbol file LoadedFromMemory doesn't match image D:\06_RnD_Unity\UnityUIToolKit\UIToolKit\Library\PackageCache\com.unity.visualscripting@1.7.6\Editor\VisualScripting.Core\Dependencies\YamlDotNet\Unity.VisualScripting.YamlDotNet.dll
Symbol file LoadedFromMemory doesn't match image D:\06_RnD_Unity\UnityUIToolKit\UIToolKit\Library\PackageCache\com.unity.visualscripting@1.7.6\Editor\VisualScripting.Core\Dependencies\DotNetZip\Unity.VisualScripting.IonicZip.dll
Native extension for WindowsStandalone target not found
Native extension for Android target not found
Refreshing native plugins compatible for Editor in 0.83 ms, found 3 plugins.
Preloading 0 native plugins for Editor in 0.00 ms.
Mono: successfully reloaded assembly
- Completed reload, in  1.071 seconds
Domain Reload Profiling:
	ReloadAssembly (1072ms)
		BeginReloadAssembly (128ms)
			ExecutionOrderSort (0ms)
			DisableScriptedObjects (4ms)
			BackupInstance (0ms)
			ReleaseScriptingObjects (0ms)
			CreateAndSetChildDomain (34ms)
		EndReloadAssembly (851ms)
			LoadAssemblies (86ms)
			RebuildTransferFunctionScriptingTraits (0ms)
			SetupTypeCache (221ms)
			ReleaseScriptCaches (2ms)
			RebuildScriptCaches (38ms)
			SetupLoadedEditorAssemblies (437ms)
				LogAssemblyErrors (0ms)
				InitializePlatformSupportModulesInManaged (20ms)
				SetLoadedEditorAssemblies (0ms)
				RefreshPlugins (1ms)
				BeforeProcessingInitializeOnLoad (69ms)
				ProcessInitializeOnLoadAttributes (274ms)
				ProcessInitializeOnLoadMethodAttributes (61ms)
				AfterProcessingInitializeOnLoad (13ms)
				EditorAssembliesLoaded (0ms)
			ExecutionOrderSort2 (0ms)
			AwakeInstancesAfterBackupRestoration (24ms)
Platform modules already initialized, skipping
Refreshing native plugins compatible for Editor in 1.80 ms, found 3 plugins.
Preloading 0 native plugins for Editor in 0.00 ms.
Unloading 4766 Unused Serialized files (Serialized files now loaded: 0)
Unloading 23 unused Assets / (0.7 MB). Loaded Objects now: 5458.
Memory consumption went from 192.7 MB to 192.0 MB.
Total: 3.563800 ms (FindLiveObjects: 0.438500 ms CreateObjectMapping: 0.124200 ms MarkObjects: 2.695400 ms  DeleteObjects: 0.304600 ms)

AssetImportParameters requested are different than current active one (requested -> active):
  custom:video-decoder-ogg-theora: a1e56fd34408186e4bbccfd4996cb3dc -> 
  custom:container-muxer-webm: aa71ff27fc2769a1b78a27578f13a17b -> 
  custom:container-demuxer-webm: 4f35f7cbe854078d1ac9338744f61a02 -> 
  custom:video-encoder-webm-vp8: eb34c28f22e8b96e1ab97ce403110664 -> 
  custom:audio-encoder-webm-vorbis: bf7c407c2cedff20999df2af8eb42d56 -> 
  custom:framework-win-MediaFoundation: 216162199b28c13a410421893ffa2e32 -> 
  custom:container-demuxer-ogg: 62fdf1f143b41e24485cea50d1cbac27 -> 
  custom:video-decoder-webm-vp8: 9c59270c3fd7afecdb556c50c9e8de78 -> 
  custom:audio-decoder-ogg-vorbis: bf7c407c2cedff20999df2af8eb42d56 -> 
========================================================================
Received Import Request.
  Time since last request: 944.066140 seconds.
  path: Assets/Editor/GameEventMenu.uxml
  artifactKey: Guid(63362ca8c4d75eb4cb23d4983ea35c51) Importer(815301076,1909f56bfc062723c751e8b465ee728b)
Start importing Assets/Editor/GameEventMenu.uxml using Guid(63362ca8c4d75eb4cb23d4983ea35c51) Importer(815301076,1909f56bfc062723c751e8b465ee728b)  -> (artifact id: '6712d228d3e9779bc9eb366db3288ca1') in 0.026398 seconds 
========================================================================
Received Import Request.
  Time since last request: 54.296186 seconds.
  path: Assets/Editor/GameEventMenu.uxml
  artifactKey: Guid(63362ca8c4d75eb4cb23d4983ea35c51) Importer(815301076,1909f56bfc062723c751e8b465ee728b)
Start importing Assets/Editor/GameEventMenu.uxml using Guid(63362ca8c4d75eb4cb23d4983ea35c51) Importer(815301076,1909f56bfc062723c751e8b465ee728b)  -> (artifact id: '6766d37ccda49d53aa43d19b5d8c45ac') in 0.003062 seconds 
========================================================================
Received Import Request.
  Time since last request: 245.220267 seconds.
  path: Assets/Editor/GameEventMenu.uxml
  artifactKey: Guid(63362ca8c4d75eb4cb23d4983ea35c51) Importer(815301076,1909f56bfc062723c751e8b465ee728b)
Start importing Assets/Editor/GameEventMenu.uxml using Guid(63362ca8c4d75eb4cb23d4983ea35c51) Importer(815301076,1909f56bfc062723c751e8b465ee728b)  -> (artifact id: 'c1f17e25cd0d48aa676538a26f69d84d') in 0.003080 seconds 
========================================================================
Received Import Request.
  Time since last request: 109.768969 seconds.
  path: Assets/Editor/GameEventMenu.uxml
  artifactKey: Guid(63362ca8c4d75eb4cb23d4983ea35c51) Importer(815301076,1909f56bfc062723c751e8b465ee728b)
Start importing Assets/Editor/GameEventMenu.uxml using Guid(63362ca8c4d75eb4cb23d4983ea35c51) Importer(815301076,1909f56bfc062723c751e8b465ee728b)  -> (artifact id: 'de235f0f318fbd0c28c3fe6e5d83f67b') in 0.002987 seconds 
========================================================================
Received Import Request.
  Time since last request: 508.232646 seconds.
  path: Assets/Editor
  artifactKey: Guid(2fdd68acdb616ca4d89944e3dbf08b75) Importer(815301076,1909f56bfc062723c751e8b465ee728b)
Start importing Assets/Editor using Guid(2fdd68acdb616ca4d89944e3dbf08b75) Importer(815301076,1909f56bfc062723c751e8b465ee728b)  -> (artifact id: '4d2b8f51bef92ffedc4b7ca8a8a31511') in 0.004980 seconds 
========================================================================
Received Import Request.
  Time since last request: 41.277450 seconds.
  path: Assets/Editor/GameEventsEditorWindow.cs
  artifactKey: Guid(6c120da3286741940adf640b41c09f43) Importer(815301076,1909f56bfc062723c751e8b465ee728b)
Start importing Assets/Editor/GameEventsEditorWindow.cs using Guid(6c120da3286741940adf640b41c09f43) Importer(815301076,1909f56bfc062723c751e8b465ee728b)  -> (artifact id: '9f86ad8415d79fbf0b5e95c329455eb8') in 0.005484 seconds 
========================================================================
Received Prepare
Registering precompiled user dll's ...
Registered in 0.005610 seconds.
Begin MonoManager ReloadAssembly
Symbol file LoadedFromMemory doesn't match image D:\06_RnD_Unity\UnityUIToolKit\UIToolKit\Library\PackageCache\com.unity.visualscripting@1.7.6\Editor\VisualScripting.Core\Dependencies\YamlDotNet\Unity.VisualScripting.YamlDotNet.dll
Symbol file LoadedFromMemory doesn't match image D:\06_RnD_Unity\UnityUIToolKit\UIToolKit\Library\PackageCache\com.unity.visualscripting@1.7.6\Editor\VisualScripting.Core\Dependencies\DotNetZip\Unity.VisualScripting.IonicZip.dll
Native extension for WindowsStandalone target not found
Native extension for Android target not found
Refreshing native plugins compatible for Editor in 0.91 ms, found 3 plugins.
Preloading 0 native plugins for Editor in 0.00 ms.
Mono: successfully reloaded assembly
- Completed reload, in  1.197 seconds
Domain Reload Profiling:
	ReloadAssembly (1197ms)
		BeginReloadAssembly (153ms)
			ExecutionOrderSort (0ms)
			DisableScriptedObjects (11ms)
			BackupInstance (0ms)
			ReleaseScriptingObjects (0ms)
			CreateAndSetChildDomain (40ms)
		EndReloadAssembly (937ms)
			LoadAssemblies (100ms)
			RebuildTransferFunctionScriptingTraits (0ms)
			SetupTypeCache (260ms)
			ReleaseScriptCaches (2ms)
			RebuildScriptCaches (49ms)
			SetupLoadedEditorAssemblies (464ms)
				LogAssemblyErrors (0ms)
				InitializePlatformSupportModulesInManaged (20ms)
				SetLoadedEditorAssemblies (1ms)
				RefreshPlugins (1ms)
				BeforeProcessingInitializeOnLoad (78ms)
				ProcessInitializeOnLoadAttributes (280ms)
				ProcessInitializeOnLoadMethodAttributes (69ms)
				AfterProcessingInitializeOnLoad (16ms)
				EditorAssembliesLoaded (0ms)
			ExecutionOrderSort2 (0ms)
			AwakeInstancesAfterBackupRestoration (22ms)
Platform modules already initialized, skipping
Refreshing native plugins compatible for Editor in 1.89 ms, found 3 plugins.
Preloading 0 native plugins for Editor in 0.00 ms.
Unloading 4767 Unused Serialized files (Serialized files now loaded: 0)
Unloading 23 unused Assets / (0.7 MB). Loaded Objects now: 5462.
Memory consumption went from 192.7 MB to 192.0 MB.
Total: 3.920800 ms (FindLiveObjects: 0.434000 ms CreateObjectMapping: 0.130100 ms MarkObjects: 3.009000 ms  DeleteObjects: 0.345900 ms)

AssetImportParameters requested are different than current active one (requested -> active):
  custom:video-decoder-ogg-theora: a1e56fd34408186e4bbccfd4996cb3dc -> 
  custom:container-muxer-webm: aa71ff27fc2769a1b78a27578f13a17b -> 
  custom:container-demuxer-webm: 4f35f7cbe854078d1ac9338744f61a02 -> 
  custom:video-encoder-webm-vp8: eb34c28f22e8b96e1ab97ce403110664 -> 
  custom:audio-encoder-webm-vorbis: bf7c407c2cedff20999df2af8eb42d56 -> 
  custom:framework-win-MediaFoundation: 216162199b28c13a410421893ffa2e32 -> 
  custom:container-demuxer-ogg: 62fdf1f143b41e24485cea50d1cbac27 -> 
  custom:video-decoder-webm-vp8: 9c59270c3fd7afecdb556c50c9e8de78 -> 
  custom:audio-decoder-ogg-vorbis: bf7c407c2cedff20999df2af8eb42d56 -> 
========================================================================
Received Import Request.
  Time since last request: 40.329590 seconds.
  path: Assets/Editor/GameEventsEditorWindow.cs
  artifactKey: Guid(6c120da3286741940adf640b41c09f43) Importer(815301076,1909f56bfc062723c751e8b465ee728b)
Start importing Assets/Editor/GameEventsEditorWindow.cs using Guid(6c120da3286741940adf640b41c09f43) Importer(815301076,1909f56bfc062723c751e8b465ee728b)  -> (artifact id: '5cca7c4cde8ae13a07a58f2a58bf4c93') in 0.010246 seconds 
========================================================================
Received Import Request.
  Time since last request: 7.561126 seconds.
  path: Assets/Editor/GameEventsEditorWindow.cs
  artifactKey: Guid(6c120da3286741940adf640b41c09f43) Importer(815301076,1909f56bfc062723c751e8b465ee728b)
Start importing Assets/Editor/GameEventsEditorWindow.cs using Guid(6c120da3286741940adf640b41c09f43) Importer(815301076,1909f56bfc062723c751e8b465ee728b)  -> (artifact id: 'e6611834f4e5e13562d7e9295be32570') in 0.009320 seconds 
========================================================================
Received Prepare
Registering precompiled user dll's ...
Registered in 0.007003 seconds.
Begin MonoManager ReloadAssembly
Symbol file LoadedFromMemory doesn't match image D:\06_RnD_Unity\UnityUIToolKit\UIToolKit\Library\PackageCache\com.unity.visualscripting@1.7.6\Editor\VisualScripting.Core\Dependencies\YamlDotNet\Unity.VisualScripting.YamlDotNet.dll
Symbol file LoadedFromMemory doesn't match image D:\06_RnD_Unity\UnityUIToolKit\UIToolKit\Library\PackageCache\com.unity.visualscripting@1.7.6\Editor\VisualScripting.Core\Dependencies\DotNetZip\Unity.VisualScripting.IonicZip.dll
Native extension for WindowsStandalone target not found
Native extension for Android target not found
Refreshing native plugins compatible for Editor in 0.99 ms, found 3 plugins.
Preloading 0 native plugins for Editor in 0.00 ms.
Mono: successfully reloaded assembly
- Completed reload, in  1.149 seconds
Domain Reload Profiling:
	ReloadAssembly (1150ms)
		BeginReloadAssembly (159ms)
			ExecutionOrderSort (0ms)
			DisableScriptedObjects (6ms)
			BackupInstance (0ms)
			ReleaseScriptingObjects (0ms)
			CreateAndSetChildDomain (40ms)
		EndReloadAssembly (883ms)
			LoadAssemblies (110ms)
			RebuildTransferFunctionScriptingTraits (0ms)
			SetupTypeCache (223ms)
			ReleaseScriptCaches (2ms)
			RebuildScriptCaches (41ms)
			SetupLoadedEditorAssemblies (465ms)
				LogAssemblyErrors (0ms)
				InitializePlatformSupportModulesInManaged (20ms)
				SetLoadedEditorAssemblies (0ms)
				RefreshPlugins (1ms)
				BeforeProcessingInitializeOnLoad (75ms)
				ProcessInitializeOnLoadAttributes (297ms)
				ProcessInitializeOnLoadMethodAttributes (58ms)
				AfterProcessingInitializeOnLoad (14ms)
				EditorAssembliesLoaded (0ms)
			ExecutionOrderSort2 (0ms)
			AwakeInstancesAfterBackupRestoration (19ms)
Platform modules already initialized, skipping
Refreshing native plugins compatible for Editor in 1.76 ms, found 3 plugins.
Preloading 0 native plugins for Editor in 0.00 ms.
Unloading 4767 Unused Serialized files (Serialized files now loaded: 0)
Unloading 23 unused Assets / (0.7 MB). Loaded Objects now: 5465.
Memory consumption went from 192.5 MB to 191.8 MB.
Total: 3.751200 ms (FindLiveObjects: 0.437100 ms CreateObjectMapping: 0.123900 ms MarkObjects: 2.816200 ms  DeleteObjects: 0.372500 ms)

AssetImportParameters requested are different than current active one (requested -> active):
  custom:video-decoder-ogg-theora: a1e56fd34408186e4bbccfd4996cb3dc -> 
  custom:container-muxer-webm: aa71ff27fc2769a1b78a27578f13a17b -> 
  custom:container-demuxer-webm: 4f35f7cbe854078d1ac9338744f61a02 -> 
  custom:video-encoder-webm-vp8: eb34c28f22e8b96e1ab97ce403110664 -> 
  custom:audio-encoder-webm-vorbis: bf7c407c2cedff20999df2af8eb42d56 -> 
  custom:framework-win-MediaFoundation: 216162199b28c13a410421893ffa2e32 -> 
  custom:container-demuxer-ogg: 62fdf1f143b41e24485cea50d1cbac27 -> 
  custom:video-decoder-webm-vp8: 9c59270c3fd7afecdb556c50c9e8de78 -> 
  custom:audio-decoder-ogg-vorbis: bf7c407c2cedff20999df2af8eb42d56 -> 
========================================================================
Received Import Request.
  Time since last request: 85.636943 seconds.
  path: Assets/Editor/GameEventsEditorWindow.cs
  artifactKey: Guid(6c120da3286741940adf640b41c09f43) Importer(815301076,1909f56bfc062723c751e8b465ee728b)
Start importing Assets/Editor/GameEventsEditorWindow.cs using Guid(6c120da3286741940adf640b41c09f43) Importer(815301076,1909f56bfc062723c751e8b465ee728b)  -> (artifact id: '4ecaaea1e14eca8ae4a6c97ad7272d0e') in 0.008888 seconds 
========================================================================
Received Prepare
Registering precompiled user dll's ...
Registered in 0.006117 seconds.
Begin MonoManager ReloadAssembly
Symbol file LoadedFromMemory doesn't match image D:\06_RnD_Unity\UnityUIToolKit\UIToolKit\Library\PackageCache\com.unity.visualscripting@1.7.6\Editor\VisualScripting.Core\Dependencies\YamlDotNet\Unity.VisualScripting.YamlDotNet.dll
Symbol file LoadedFromMemory doesn't match image D:\06_RnD_Unity\UnityUIToolKit\UIToolKit\Library\PackageCache\com.unity.visualscripting@1.7.6\Editor\VisualScripting.Core\Dependencies\DotNetZip\Unity.VisualScripting.IonicZip.dll
Native extension for WindowsStandalone target not found
Native extension for Android target not found
Refreshing native plugins compatible for Editor in 0.98 ms, found 3 plugins.
Preloading 0 native plugins for Editor in 0.00 ms.
Mono: successfully reloaded assembly
- Completed reload, in  1.036 seconds
Domain Reload Profiling:
	ReloadAssembly (1036ms)
		BeginReloadAssembly (137ms)
			ExecutionOrderSort (0ms)
			DisableScriptedObjects (5ms)
			BackupInstance (0ms)
			ReleaseScriptingObjects (0ms)
			CreateAndSetChildDomain (34ms)
		EndReloadAssembly (809ms)
			LoadAssemblies (93ms)
			RebuildTransferFunctionScriptingTraits (0ms)
			SetupTypeCache (207ms)
			ReleaseScriptCaches (2ms)
			RebuildScriptCaches (36ms)
			SetupLoadedEditorAssemblies (412ms)
				LogAssemblyErrors (0ms)
				InitializePlatformSupportModulesInManaged (20ms)
				SetLoadedEditorAssemblies (0ms)
				RefreshPlugins (1ms)
				BeforeProcessingInitializeOnLoad (66ms)
				ProcessInitializeOnLoadAttributes (254ms)
				ProcessInitializeOnLoadMethodAttributes (58ms)
				AfterProcessingInitializeOnLoad (13ms)
				EditorAssembliesLoaded (0ms)
			ExecutionOrderSort2 (0ms)
			AwakeInstancesAfterBackupRestoration (21ms)
Platform modules already initialized, skipping
Refreshing native plugins compatible for Editor in 2.42 ms, found 3 plugins.
Preloading 0 native plugins for Editor in 0.00 ms.
Unloading 4767 Unused Serialized files (Serialized files now loaded: 0)
Unloading 23 unused Assets / (0.7 MB). Loaded Objects now: 5468.
Memory consumption went from 192.7 MB to 192.0 MB.
Total: 3.757900 ms (FindLiveObjects: 0.431200 ms CreateObjectMapping: 0.119800 ms MarkObjects: 2.876600 ms  DeleteObjects: 0.328500 ms)

AssetImportParameters requested are different than current active one (requested -> active):
  custom:video-decoder-ogg-theora: a1e56fd34408186e4bbccfd4996cb3dc -> 
  custom:container-muxer-webm: aa71ff27fc2769a1b78a27578f13a17b -> 
  custom:container-demuxer-webm: 4f35f7cbe854078d1ac9338744f61a02 -> 
  custom:video-encoder-webm-vp8: eb34c28f22e8b96e1ab97ce403110664 -> 
  custom:audio-encoder-webm-vorbis: bf7c407c2cedff20999df2af8eb42d56 -> 
  custom:framework-win-MediaFoundation: 216162199b28c13a410421893ffa2e32 -> 
  custom:container-demuxer-ogg: 62fdf1f143b41e24485cea50d1cbac27 -> 
  custom:video-decoder-webm-vp8: 9c59270c3fd7afecdb556c50c9e8de78 -> 
  custom:audio-decoder-ogg-vorbis: bf7c407c2cedff20999df2af8eb42d56 -> 
========================================================================
Received Import Request.
  Time since last request: 29.546043 seconds.
  path: Assets/Editor/GameEventsEditorWindow.cs
  artifactKey: Guid(6c120da3286741940adf640b41c09f43) Importer(815301076,1909f56bfc062723c751e8b465ee728b)
Start importing Assets/Editor/GameEventsEditorWindow.cs using Guid(6c120da3286741940adf640b41c09f43) Importer(815301076,1909f56bfc062723c751e8b465ee728b)  -> (artifact id: 'a2905e8ba586689c8c852ac70f48a862') in 0.009053 seconds 
========================================================================
Received Prepare
Registering precompiled user dll's ...
Registered in 0.006281 seconds.
Begin MonoManager ReloadAssembly
Symbol file LoadedFromMemory doesn't match image D:\06_RnD_Unity\UnityUIToolKit\UIToolKit\Library\PackageCache\com.unity.visualscripting@1.7.6\Editor\VisualScripting.Core\Dependencies\YamlDotNet\Unity.VisualScripting.YamlDotNet.dll
Symbol file LoadedFromMemory doesn't match image D:\06_RnD_Unity\UnityUIToolKit\UIToolKit\Library\PackageCache\com.unity.visualscripting@1.7.6\Editor\VisualScripting.Core\Dependencies\DotNetZip\Unity.VisualScripting.IonicZip.dll
Native extension for WindowsStandalone target not found
Native extension for Android target not found
Refreshing native plugins compatible for Editor in 0.76 ms, found 3 plugins.
Preloading 0 native plugins for Editor in 0.00 ms.
Mono: successfully reloaded assembly
- Completed reload, in  1.028 seconds
Domain Reload Profiling:
	ReloadAssembly (1028ms)
		BeginReloadAssembly (135ms)
			ExecutionOrderSort (0ms)
			DisableScriptedObjects (5ms)
			BackupInstance (0ms)
			ReleaseScriptingObjects (0ms)
			CreateAndSetChildDomain (33ms)
		EndReloadAssembly (799ms)
			LoadAssemblies (91ms)
			RebuildTransferFunctionScriptingTraits (0ms)
			SetupTypeCache (201ms)
			ReleaseScriptCaches (2ms)
			RebuildScriptCaches (34ms)
			SetupLoadedEditorAssemblies (417ms)
				LogAssemblyErrors (0ms)
				InitializePlatformSupportModulesInManaged (21ms)
				SetLoadedEditorAssemblies (0ms)
				RefreshPlugins (1ms)
				BeforeProcessingInitializeOnLoad (66ms)
				ProcessInitializeOnLoadAttributes (260ms)
				ProcessInitializeOnLoadMethodAttributes (54ms)
				AfterProcessingInitializeOnLoad (14ms)
				EditorAssembliesLoaded (0ms)
			ExecutionOrderSort2 (0ms)
			AwakeInstancesAfterBackupRestoration (22ms)
Platform modules already initialized, skipping
Refreshing native plugins compatible for Editor in 1.80 ms, found 3 plugins.
Preloading 0 native plugins for Editor in 0.00 ms.
Unloading 4767 Unused Serialized files (Serialized files now loaded: 0)
Unloading 23 unused Assets / (0.7 MB). Loaded Objects now: 5471.
Memory consumption went from 192.7 MB to 192.0 MB.
Total: 3.502300 ms (FindLiveObjects: 0.416100 ms CreateObjectMapping: 0.118800 ms MarkObjects: 2.657900 ms  DeleteObjects: 0.308100 ms)

AssetImportParameters requested are different than current active one (requested -> active):
  custom:video-decoder-ogg-theora: a1e56fd34408186e4bbccfd4996cb3dc -> 
  custom:container-muxer-webm: aa71ff27fc2769a1b78a27578f13a17b -> 
  custom:container-demuxer-webm: 4f35f7cbe854078d1ac9338744f61a02 -> 
  custom:video-encoder-webm-vp8: eb34c28f22e8b96e1ab97ce403110664 -> 
  custom:audio-encoder-webm-vorbis: bf7c407c2cedff20999df2af8eb42d56 -> 
  custom:framework-win-MediaFoundation: 216162199b28c13a410421893ffa2e32 -> 
  custom:container-demuxer-ogg: 62fdf1f143b41e24485cea50d1cbac27 -> 
  custom:video-decoder-webm-vp8: 9c59270c3fd7afecdb556c50c9e8de78 -> 
  custom:audio-decoder-ogg-vorbis: bf7c407c2cedff20999df2af8eb42d56 -> 
========================================================================
Received Import Request.
  Time since last request: 10.769528 seconds.
  path: Assets/Editor/GameEventsEditorWindow.cs
  artifactKey: Guid(6c120da3286741940adf640b41c09f43) Importer(815301076,1909f56bfc062723c751e8b465ee728b)
Start importing Assets/Editor/GameEventsEditorWindow.cs using Guid(6c120da3286741940adf640b41c09f43) Importer(815301076,1909f56bfc062723c751e8b465ee728b)  -> (artifact id: 'ef7279b7addc30f443821a60d443ce75') in 0.009059 seconds 
========================================================================
Received Prepare
Registering precompiled user dll's ...
Registered in 0.005640 seconds.
Begin MonoManager ReloadAssembly
Symbol file LoadedFromMemory doesn't match image D:\06_RnD_Unity\UnityUIToolKit\UIToolKit\Library\PackageCache\com.unity.visualscripting@1.7.6\Editor\VisualScripting.Core\Dependencies\YamlDotNet\Unity.VisualScripting.YamlDotNet.dll
Symbol file LoadedFromMemory doesn't match image D:\06_RnD_Unity\UnityUIToolKit\UIToolKit\Library\PackageCache\com.unity.visualscripting@1.7.6\Editor\VisualScripting.Core\Dependencies\DotNetZip\Unity.VisualScripting.IonicZip.dll
Native extension for WindowsStandalone target not found
Native extension for Android target not found
Refreshing native plugins compatible for Editor in 0.67 ms, found 3 plugins.
Preloading 0 native plugins for Editor in 0.00 ms.
Mono: successfully reloaded assembly
- Completed reload, in  1.027 seconds
Domain Reload Profiling:
	ReloadAssembly (1027ms)
		BeginReloadAssembly (130ms)
			ExecutionOrderSort (0ms)
			DisableScriptedObjects (5ms)
			BackupInstance (0ms)
			ReleaseScriptingObjects (0ms)
			CreateAndSetChildDomain (32ms)
		EndReloadAssembly (809ms)
			LoadAssemblies (88ms)
			RebuildTransferFunctionScriptingTraits (0ms)
			SetupTypeCache (207ms)
			ReleaseScriptCaches (2ms)
			RebuildScriptCaches (35ms)
			SetupLoadedEditorAssemblies (418ms)
				LogAssemblyErrors (0ms)
				InitializePlatformSupportModulesInManaged (20ms)
				SetLoadedEditorAssemblies (1ms)
				RefreshPlugins (1ms)
				BeforeProcessingInitializeOnLoad (67ms)
				ProcessInitializeOnLoadAttributes (255ms)
				ProcessInitializeOnLoadMethodAttributes (58ms)
				AfterProcessingInitializeOnLoad (16ms)
				EditorAssembliesLoaded (0ms)
			ExecutionOrderSort2 (0ms)
			AwakeInstancesAfterBackupRestoration (23ms)
Platform modules already initialized, skipping
Refreshing native plugins compatible for Editor in 1.85 ms, found 3 plugins.
Preloading 0 native plugins for Editor in 0.00 ms.
Unloading 4767 Unused Serialized files (Serialized files now loaded: 0)
Unloading 23 unused Assets / (0.7 MB). Loaded Objects now: 5474.
Memory consumption went from 192.7 MB to 192.1 MB.
Total: 3.697900 ms (FindLiveObjects: 0.444400 ms CreateObjectMapping: 0.135100 ms MarkObjects: 2.809800 ms  DeleteObjects: 0.307000 ms)

AssetImportParameters requested are different than current active one (requested -> active):
  custom:video-decoder-ogg-theora: a1e56fd34408186e4bbccfd4996cb3dc -> 
  custom:container-muxer-webm: aa71ff27fc2769a1b78a27578f13a17b -> 
  custom:container-demuxer-webm: 4f35f7cbe854078d1ac9338744f61a02 -> 
  custom:video-encoder-webm-vp8: eb34c28f22e8b96e1ab97ce403110664 -> 
  custom:audio-encoder-webm-vorbis: bf7c407c2cedff20999df2af8eb42d56 -> 
  custom:framework-win-MediaFoundation: 216162199b28c13a410421893ffa2e32 -> 
  custom:container-demuxer-ogg: 62fdf1f143b41e24485cea50d1cbac27 -> 
  custom:video-decoder-webm-vp8: 9c59270c3fd7afecdb556c50c9e8de78 -> 
  custom:audio-decoder-ogg-vorbis: bf7c407c2cedff20999df2af8eb42d56 -> 
========================================================================
Received Import Request.
  Time since last request: 26.421354 seconds.
  path: Assets/Editor/GameEventsEditorWindow.cs
  artifactKey: Guid(6c120da3286741940adf640b41c09f43) Importer(815301076,1909f56bfc062723c751e8b465ee728b)
Start importing Assets/Editor/GameEventsEditorWindow.cs using Guid(6c120da3286741940adf640b41c09f43) Importer(815301076,1909f56bfc062723c751e8b465ee728b)  -> (artifact id: '06c25fd561a351ace7a6c7d60ba96cef') in 0.008677 seconds 
========================================================================
Received Prepare
Registering precompiled user dll's ...
Registered in 0.005687 seconds.
Begin MonoManager ReloadAssembly
Symbol file LoadedFromMemory doesn't match image D:\06_RnD_Unity\UnityUIToolKit\UIToolKit\Library\PackageCache\com.unity.visualscripting@1.7.6\Editor\VisualScripting.Core\Dependencies\YamlDotNet\Unity.VisualScripting.YamlDotNet.dll
Symbol file LoadedFromMemory doesn't match image D:\06_RnD_Unity\UnityUIToolKit\UIToolKit\Library\PackageCache\com.unity.visualscripting@1.7.6\Editor\VisualScripting.Core\Dependencies\DotNetZip\Unity.VisualScripting.IonicZip.dll
Native extension for WindowsStandalone target not found
Native extension for Android target not found
Refreshing native plugins compatible for Editor in 0.70 ms, found 3 plugins.
Preloading 0 native plugins for Editor in 0.00 ms.
Mono: successfully reloaded assembly
- Completed reload, in  1.033 seconds
Domain Reload Profiling:
	ReloadAssembly (1033ms)
		BeginReloadAssembly (135ms)
			ExecutionOrderSort (0ms)
			DisableScriptedObjects (5ms)
			BackupInstance (0ms)
			ReleaseScriptingObjects (0ms)
			CreateAndSetChildDomain (33ms)
		EndReloadAssembly (806ms)
			LoadAssemblies (95ms)
			RebuildTransferFunctionScriptingTraits (0ms)
			SetupTypeCache (203ms)
			ReleaseScriptCaches (2ms)
			RebuildScriptCaches (36ms)
			SetupLoadedEditorAssemblies (417ms)
				LogAssemblyErrors (0ms)
				InitializePlatformSupportModulesInManaged (19ms)
				SetLoadedEditorAssemblies (0ms)
				RefreshPlugins (1ms)
				BeforeProcessingInitializeOnLoad (68ms)
				ProcessInitializeOnLoadAttributes (259ms)
				ProcessInitializeOnLoadMethodAttributes (56ms)
				AfterProcessingInitializeOnLoad (15ms)
				EditorAssembliesLoaded (0ms)
			ExecutionOrderSort2 (0ms)
			AwakeInstancesAfterBackupRestoration (24ms)
Platform modules already initialized, skipping
Refreshing native plugins compatible for Editor in 2.10 ms, found 3 plugins.
Preloading 0 native plugins for Editor in 0.00 ms.
Unloading 4767 Unused Serialized files (Serialized files now loaded: 0)
Unloading 23 unused Assets / (0.7 MB). Loaded Objects now: 5477.
Memory consumption went from 192.9 MB to 192.2 MB.
Total: 3.592800 ms (FindLiveObjects: 0.441100 ms CreateObjectMapping: 0.134700 ms MarkObjects: 2.716200 ms  DeleteObjects: 0.299800 ms)

AssetImportParameters requested are different than current active one (requested -> active):
  custom:video-decoder-ogg-theora: a1e56fd34408186e4bbccfd4996cb3dc -> 
  custom:container-muxer-webm: aa71ff27fc2769a1b78a27578f13a17b -> 
  custom:container-demuxer-webm: 4f35f7cbe854078d1ac9338744f61a02 -> 
  custom:video-encoder-webm-vp8: eb34c28f22e8b96e1ab97ce403110664 -> 
  custom:audio-encoder-webm-vorbis: bf7c407c2cedff20999df2af8eb42d56 -> 
  custom:framework-win-MediaFoundation: 216162199b28c13a410421893ffa2e32 -> 
  custom:container-demuxer-ogg: 62fdf1f143b41e24485cea50d1cbac27 -> 
  custom:video-decoder-webm-vp8: 9c59270c3fd7afecdb556c50c9e8de78 -> 
  custom:audio-decoder-ogg-vorbis: bf7c407c2cedff20999df2af8eb42d56 -> 
